

Started GET "/" for ::1 at 2015-01-31 14:00:40 -0500
Processing by Rails::WelcomeController#index as HTML
  Rendered /Users/kahdojay/.rbenv/versions/2.0.0-p481/lib/ruby/gems/2.0.0/gems/railties-4.2.0/lib/rails/templates/rails/welcome/index.html.erb (1.1ms)
Completed 200 OK in 13ms (Views: 6.0ms | ActiveRecord: 0.0ms)


Started GET "/" for ::1 at 2015-01-31 15:06:49 -0500
Processing by MapController#index as HTML
  Rendered map/index.html.erb within layouts/application (2.5ms)
Completed 200 OK in 318ms (Views: 309.4ms | ActiveRecord: 0.0ms)


Started GET "/assets/turbolinks-da8ddad9c2c5483d4c5c30c1ce325253.js?body=1" for ::1 at 2015-01-31 15:06:51 -0500


Started GET "/assets/map-e6cde3bb5cc499a50cb1873f5f0a7d46.css?body=1" for ::1 at 2015-01-31 15:06:51 -0500


Started GET "/assets/application-89f80ee25ec9aec584a9f5c30a9a33c4.css?body=1" for ::1 at 2015-01-31 15:06:51 -0500


Started GET "/assets/jquery-87424c3c19e96d4fb033c10ebe21ec40.js?body=1" for ::1 at 2015-01-31 15:06:51 -0500


Started GET "/assets/jquery_ujs-e27bd20a10d28155845a22d71ef94f2f.js?body=1" for ::1 at 2015-01-31 15:06:51 -0500


Started GET "/assets/gmap-64e62ddc273c2f5847f30d698ca14b67.js?body=1" for ::1 at 2015-01-31 15:06:51 -0500


Started GET "/assets/application-b23aa66bad61133d08204b3b91293e5e.js?body=1" for ::1 at 2015-01-31 15:06:51 -0500


Started GET "/" for ::1 at 2015-01-31 15:18:15 -0500
Processing by MapController#index as HTML
  Rendered map/index.html.erb within layouts/application (2.2ms)
Completed 200 OK in 109ms (Views: 100.1ms | ActiveRecord: 0.0ms)


Started GET "/assets/map-e6cde3bb5cc499a50cb1873f5f0a7d46.css?body=1" for ::1 at 2015-01-31 15:18:16 -0500


Started GET "/assets/application-89f80ee25ec9aec584a9f5c30a9a33c4.css?body=1" for ::1 at 2015-01-31 15:18:16 -0500


Started GET "/assets/jquery-87424c3c19e96d4fb033c10ebe21ec40.js?body=1" for ::1 at 2015-01-31 15:18:16 -0500


Started GET "/assets/turbolinks-da8ddad9c2c5483d4c5c30c1ce325253.js?body=1" for ::1 at 2015-01-31 15:18:16 -0500


Started GET "/assets/gmap-64e62ddc273c2f5847f30d698ca14b67.js?body=1" for ::1 at 2015-01-31 15:18:16 -0500


Started GET "/assets/jquery_ujs-e27bd20a10d28155845a22d71ef94f2f.js?body=1" for ::1 at 2015-01-31 15:18:16 -0500


Started GET "/assets/application-b23aa66bad61133d08204b3b91293e5e.js?body=1" for ::1 at 2015-01-31 15:18:16 -0500


Started GET "/assets/map-e6cde3bb5cc499a50cb1873f5f0a7d46.css?body=1" for ::1 at 2015-01-31 15:18:21 -0500


Started GET "/assets/application-89f80ee25ec9aec584a9f5c30a9a33c4.css?body=1" for ::1 at 2015-01-31 15:18:21 -0500


Started GET "/" for ::1 at 2015-01-31 15:19:04 -0500
Processing by MapController#index as HTML
  Rendered map/index.html.erb within layouts/application (0.0ms)
Completed 500 Internal Server Error in 58ms

ActionView::Template::Error (couldn't find file 'site'
  (in /Users/kahdojay/Desktop/bootprint/app/assets/javascripts/application.js:13)):
    11: 
    12: <%= yield %>
    13: 
    14:   <%= javascript_include_tag 'application', 'data-turbolinks-track' => true %>
    15: </body>
    16: </html>
  app/views/layouts/application.html.erb:14:in `_app_views_layouts_application_html_erb__2598335873266960350_70212795552100'


  Rendered /Users/kahdojay/.rbenv/versions/2.0.0-p481/lib/ruby/gems/2.0.0/gems/web-console-2.0.0/lib/action_dispatch/templates/rescues/_source.erb (7.1ms)
  Rendered /Users/kahdojay/.rbenv/versions/2.0.0-p481/lib/ruby/gems/2.0.0/gems/web-console-2.0.0/lib/action_dispatch/templates/rescues/_trace.html.erb (2.3ms)
  Rendered /Users/kahdojay/.rbenv/versions/2.0.0-p481/lib/ruby/gems/2.0.0/gems/web-console-2.0.0/lib/action_dispatch/templates/rescues/_request_and_response.html.erb (0.7ms)
  Rendered /Users/kahdojay/.rbenv/versions/2.0.0-p481/lib/ruby/gems/2.0.0/gems/web-console-2.0.0/lib/action_dispatch/templates/rescues/_web_console.html.erb (0.9ms)
  Rendered /Users/kahdojay/.rbenv/versions/2.0.0-p481/lib/ruby/gems/2.0.0/gems/web-console-2.0.0/lib/action_dispatch/templates/rescues/template_error.html.erb within rescues/layout (56.3ms)


Started GET "/" for ::1 at 2015-01-31 15:19:29 -0500
Processing by MapController#index as HTML
  Rendered map/index.html.erb within layouts/application (0.1ms)
Completed 500 Internal Server Error in 58ms

ActionView::Template::Error (couldn't find file 'site'
  (in /Users/kahdojay/Desktop/bootprint/app/assets/javascripts/application.js:13)):
     6:   <%= csrf_meta_tags %>
     7:   <script src="//maps.google.com/maps/api/js?v=3.13&sensor=false&libraries=geometry" type="text/javascript"></script>
     8:   <script src='//google-maps-utility-library-v3.googlecode.com/svn/tags/markerclustererplus/2.0.14/src/markerclusterer_packed.js' type='text/javascript'></script>
     9:   <%= javascript_include_tag 'application', 'data-turbolinks-track' => true %>
    10: </head>
    11: <body>
    12: 
  app/views/layouts/application.html.erb:9:in `_app_views_layouts_application_html_erb__2598335873266960350_70212850633620'


  Rendered /Users/kahdojay/.rbenv/versions/2.0.0-p481/lib/ruby/gems/2.0.0/gems/web-console-2.0.0/lib/action_dispatch/templates/rescues/_source.erb (6.0ms)
  Rendered /Users/kahdojay/.rbenv/versions/2.0.0-p481/lib/ruby/gems/2.0.0/gems/web-console-2.0.0/lib/action_dispatch/templates/rescues/_trace.html.erb (2.2ms)
  Rendered /Users/kahdojay/.rbenv/versions/2.0.0-p481/lib/ruby/gems/2.0.0/gems/web-console-2.0.0/lib/action_dispatch/templates/rescues/_request_and_response.html.erb (0.8ms)
  Rendered /Users/kahdojay/.rbenv/versions/2.0.0-p481/lib/ruby/gems/2.0.0/gems/web-console-2.0.0/lib/action_dispatch/templates/rescues/_web_console.html.erb (0.7ms)
  Rendered /Users/kahdojay/.rbenv/versions/2.0.0-p481/lib/ruby/gems/2.0.0/gems/web-console-2.0.0/lib/action_dispatch/templates/rescues/template_error.html.erb within rescues/layout (23.9ms)


Started GET "/" for ::1 at 2015-01-31 15:19:36 -0500
Processing by MapController#index as HTML
  Rendered map/index.html.erb within layouts/application (0.0ms)
Completed 500 Internal Server Error in 58ms

ActionView::Template::Error (couldn't find file 'site'
  (in /Users/kahdojay/Desktop/bootprint/app/assets/javascripts/application.js:13)):
    11: 
    12: <%= yield %>
    13: 
    14:   <%= javascript_include_tag 'application', 'data-turbolinks-track' => true %>
    15: </body>
    16: </html>
  app/views/layouts/application.html.erb:14:in `_app_views_layouts_application_html_erb__2598335873266960350_70212790053420'


  Rendered /Users/kahdojay/.rbenv/versions/2.0.0-p481/lib/ruby/gems/2.0.0/gems/web-console-2.0.0/lib/action_dispatch/templates/rescues/_source.erb (5.6ms)
  Rendered /Users/kahdojay/.rbenv/versions/2.0.0-p481/lib/ruby/gems/2.0.0/gems/web-console-2.0.0/lib/action_dispatch/templates/rescues/_trace.html.erb (2.2ms)
  Rendered /Users/kahdojay/.rbenv/versions/2.0.0-p481/lib/ruby/gems/2.0.0/gems/web-console-2.0.0/lib/action_dispatch/templates/rescues/_request_and_response.html.erb (0.5ms)
  Rendered /Users/kahdojay/.rbenv/versions/2.0.0-p481/lib/ruby/gems/2.0.0/gems/web-console-2.0.0/lib/action_dispatch/templates/rescues/_web_console.html.erb (0.5ms)
  Rendered /Users/kahdojay/.rbenv/versions/2.0.0-p481/lib/ruby/gems/2.0.0/gems/web-console-2.0.0/lib/action_dispatch/templates/rescues/template_error.html.erb within rescues/layout (21.2ms)


Started GET "/" for ::1 at 2015-01-31 15:21:55 -0500
Processing by MapController#index as HTML
  Rendered map/index.html.erb within layouts/application (0.1ms)
Completed 200 OK in 81ms (Views: 80.8ms | ActiveRecord: 0.0ms)


Started GET "/assets/map-e6cde3bb5cc499a50cb1873f5f0a7d46.css?body=1" for ::1 at 2015-01-31 15:21:55 -0500


Started GET "/assets/application-1cd05732585909ab39e9d43bb5def5bf.js?body=1" for ::1 at 2015-01-31 15:21:55 -0500


Started GET "/assets/jquery-87424c3c19e96d4fb033c10ebe21ec40.js?body=1" for ::1 at 2015-01-31 15:21:55 -0500


Started GET "/assets/jquery_ujs-e27bd20a10d28155845a22d71ef94f2f.js?body=1" for ::1 at 2015-01-31 15:21:55 -0500


Started GET "/assets/turbolinks-da8ddad9c2c5483d4c5c30c1ce325253.js?body=1" for ::1 at 2015-01-31 15:21:55 -0500


Started GET "/assets/application-89f80ee25ec9aec584a9f5c30a9a33c4.css?body=1" for ::1 at 2015-01-31 15:21:55 -0500


Started GET "/" for ::1 at 2015-01-31 15:22:17 -0500
Processing by MapController#index as HTML
  Rendered map/index.html.erb within layouts/application (0.1ms)
Completed 200 OK in 67ms (Views: 66.2ms | ActiveRecord: 0.0ms)


Started GET "/assets/map-e6cde3bb5cc499a50cb1873f5f0a7d46.css?body=1" for ::1 at 2015-01-31 15:22:17 -0500


Started GET "/assets/jquery-87424c3c19e96d4fb033c10ebe21ec40.js?body=1" for ::1 at 2015-01-31 15:22:17 -0500


Started GET "/assets/application-89f80ee25ec9aec584a9f5c30a9a33c4.css?body=1" for ::1 at 2015-01-31 15:22:17 -0500


Started GET "/assets/application-28412a76627f0d12cd71aca822e51852.js?body=1" for ::1 at 2015-01-31 15:22:17 -0500


Started GET "/assets/jquery_ujs-e27bd20a10d28155845a22d71ef94f2f.js?body=1" for ::1 at 2015-01-31 15:22:17 -0500


Started GET "/" for ::1 at 2015-01-31 15:22:24 -0500
Processing by MapController#index as HTML
  Rendered map/index.html.erb within layouts/application (0.1ms)
Completed 200 OK in 64ms (Views: 63.8ms | ActiveRecord: 0.0ms)


Started GET "/assets/map-e6cde3bb5cc499a50cb1873f5f0a7d46.css?body=1" for ::1 at 2015-01-31 15:22:24 -0500


Started GET "/assets/application-89f80ee25ec9aec584a9f5c30a9a33c4.css?body=1" for ::1 at 2015-01-31 15:22:24 -0500


Started GET "/assets/application-03e605e3c08155cb7088c928f819b146.js?body=1" for ::1 at 2015-01-31 15:22:24 -0500


Started GET "/" for ::1 at 2015-01-31 15:22:30 -0500
Processing by MapController#index as HTML
  Rendered map/index.html.erb within layouts/application (0.0ms)
Completed 200 OK in 63ms (Views: 62.7ms | ActiveRecord: 0.0ms)


Started GET "/assets/map-e6cde3bb5cc499a50cb1873f5f0a7d46.css?body=1" for ::1 at 2015-01-31 15:22:30 -0500


Started GET "/assets/jquery-87424c3c19e96d4fb033c10ebe21ec40.js?body=1" for ::1 at 2015-01-31 15:22:30 -0500


Started GET "/assets/application-89f80ee25ec9aec584a9f5c30a9a33c4.css?body=1" for ::1 at 2015-01-31 15:22:30 -0500


Started GET "/assets/application-625fc493a6fd1cc78b8c87ce5a2419a5.js?body=1" for ::1 at 2015-01-31 15:22:30 -0500


Started GET "/" for ::1 at 2015-01-31 15:22:49 -0500
Processing by MapController#index as HTML
  Rendered map/index.html.erb within layouts/application (0.0ms)
Completed 200 OK in 56ms (Views: 55.8ms | ActiveRecord: 0.0ms)


Started GET "/assets/application-89f80ee25ec9aec584a9f5c30a9a33c4.css?body=1" for ::1 at 2015-01-31 15:22:49 -0500


Started GET "/assets/application-43f1a1178a8cb5bbe6771b0f34ac326a.js?body=1" for ::1 at 2015-01-31 15:22:49 -0500


Started GET "/assets/map-e6cde3bb5cc499a50cb1873f5f0a7d46.css?body=1" for ::1 at 2015-01-31 15:22:49 -0500


Started GET "/" for ::1 at 2015-01-31 15:22:52 -0500
Processing by MapController#index as HTML
  Rendered map/index.html.erb within layouts/application (0.0ms)
Completed 200 OK in 35ms (Views: 35.0ms | ActiveRecord: 0.0ms)


Started GET "/assets/application-ae643e4baee8ec3922770e165e403433.js?body=1" for ::1 at 2015-01-31 15:22:52 -0500


Started GET "/assets/application-89f80ee25ec9aec584a9f5c30a9a33c4.css?body=1" for ::1 at 2015-01-31 15:22:52 -0500


Started GET "/assets/jquery_ujs-e27bd20a10d28155845a22d71ef94f2f.js?body=1" for ::1 at 2015-01-31 15:22:52 -0500


Started GET "/assets/turbolinks-da8ddad9c2c5483d4c5c30c1ce325253.js?body=1" for ::1 at 2015-01-31 15:22:52 -0500


Started GET "/assets/gmap-64e62ddc273c2f5847f30d698ca14b67.js?body=1" for ::1 at 2015-01-31 15:22:52 -0500


Started GET "/assets/map-e6cde3bb5cc499a50cb1873f5f0a7d46.css?body=1" for ::1 at 2015-01-31 15:22:52 -0500


Started GET "/" for ::1 at 2015-01-31 15:22:53 -0500
Processing by MapController#index as HTML
  Rendered map/index.html.erb within layouts/application (0.0ms)
Completed 200 OK in 24ms (Views: 23.5ms | ActiveRecord: 0.0ms)


Started GET "/assets/map-e6cde3bb5cc499a50cb1873f5f0a7d46.css?body=1" for ::1 at 2015-01-31 15:22:53 -0500


Started GET "/assets/jquery_ujs-e27bd20a10d28155845a22d71ef94f2f.js?body=1" for ::1 at 2015-01-31 15:22:53 -0500


Started GET "/assets/application-89f80ee25ec9aec584a9f5c30a9a33c4.css?body=1" for ::1 at 2015-01-31 15:22:53 -0500


Started GET "/assets/turbolinks-da8ddad9c2c5483d4c5c30c1ce325253.js?body=1" for ::1 at 2015-01-31 15:22:53 -0500


Started GET "/assets/application-ae643e4baee8ec3922770e165e403433.js?body=1" for ::1 at 2015-01-31 15:22:53 -0500


Started GET "/assets/gmap-64e62ddc273c2f5847f30d698ca14b67.js?body=1" for ::1 at 2015-01-31 15:22:53 -0500


Started GET "/" for ::1 at 2015-01-31 15:22:57 -0500
Processing by MapController#index as HTML
  Rendered map/index.html.erb within layouts/application (0.0ms)
Completed 200 OK in 63ms (Views: 62.8ms | ActiveRecord: 0.0ms)


Started GET "/assets/map-e6cde3bb5cc499a50cb1873f5f0a7d46.css?body=1" for ::1 at 2015-01-31 15:22:57 -0500


Started GET "/assets/application-44d7f36d855a420f91548b30e5630ee7.js?body=1" for ::1 at 2015-01-31 15:22:57 -0500


Started GET "/assets/turbolinks-da8ddad9c2c5483d4c5c30c1ce325253.js?body=1" for ::1 at 2015-01-31 15:22:57 -0500


Started GET "/assets/gmap-64e62ddc273c2f5847f30d698ca14b67.js?body=1" for ::1 at 2015-01-31 15:22:57 -0500


Started GET "/assets/application-89f80ee25ec9aec584a9f5c30a9a33c4.css?body=1" for ::1 at 2015-01-31 15:22:57 -0500


Started GET "/" for ::1 at 2015-01-31 15:22:59 -0500
Processing by MapController#index as HTML
  Rendered map/index.html.erb within layouts/application (0.0ms)
Completed 200 OK in 29ms (Views: 28.5ms | ActiveRecord: 0.0ms)


Started GET "/assets/map-e6cde3bb5cc499a50cb1873f5f0a7d46.css?body=1" for ::1 at 2015-01-31 15:22:59 -0500


Started GET "/assets/turbolinks-da8ddad9c2c5483d4c5c30c1ce325253.js?body=1" for ::1 at 2015-01-31 15:22:59 -0500


Started GET "/assets/application-89f80ee25ec9aec584a9f5c30a9a33c4.css?body=1" for ::1 at 2015-01-31 15:22:59 -0500


Started GET "/assets/application-44d7f36d855a420f91548b30e5630ee7.js?body=1" for ::1 at 2015-01-31 15:22:59 -0500


Started GET "/" for ::1 at 2015-01-31 15:23:02 -0500
Processing by MapController#index as HTML
  Rendered map/index.html.erb within layouts/application (0.0ms)
Completed 200 OK in 71ms (Views: 70.9ms | ActiveRecord: 0.0ms)


Started GET "/assets/map-e6cde3bb5cc499a50cb1873f5f0a7d46.css?body=1" for ::1 at 2015-01-31 15:23:02 -0500


Started GET "/assets/turbolinks-da8ddad9c2c5483d4c5c30c1ce325253.js?body=1" for ::1 at 2015-01-31 15:23:02 -0500


Started GET "/assets/application-44d7f36d855a420f91548b30e5630ee7.js?body=1" for ::1 at 2015-01-31 15:23:02 -0500


Started GET "/assets/application-89f80ee25ec9aec584a9f5c30a9a33c4.css?body=1" for ::1 at 2015-01-31 15:23:02 -0500


Started GET "/assets/gmap-64e62ddc273c2f5847f30d698ca14b67.js?body=1" for ::1 at 2015-01-31 15:23:02 -0500


Started GET "/" for ::1 at 2015-01-31 15:23:47 -0500
Processing by MapController#index as HTML
  Rendered map/index.html.erb within layouts/application (0.0ms)
Completed 200 OK in 59ms (Views: 58.2ms | ActiveRecord: 0.0ms)


Started GET "/assets/map-e6cde3bb5cc499a50cb1873f5f0a7d46.css?body=1" for ::1 at 2015-01-31 15:23:47 -0500


Started GET "/assets/application-89f80ee25ec9aec584a9f5c30a9a33c4.css?body=1" for ::1 at 2015-01-31 15:23:47 -0500


Started GET "/assets/turbolinks-da8ddad9c2c5483d4c5c30c1ce325253.js?body=1" for ::1 at 2015-01-31 15:23:47 -0500


Started GET "/assets/application-44d7f36d855a420f91548b30e5630ee7.js?body=1" for ::1 at 2015-01-31 15:23:47 -0500


Started GET "/assets/gmap-64e62ddc273c2f5847f30d698ca14b67.js?body=1" for ::1 at 2015-01-31 15:23:47 -0500


Started GET "/" for ::1 at 2015-01-31 15:23:50 -0500
Processing by MapController#index as HTML
  Rendered map/index.html.erb within layouts/application (0.1ms)
Completed 200 OK in 23ms (Views: 22.5ms | ActiveRecord: 0.0ms)


Started GET "/assets/map-e6cde3bb5cc499a50cb1873f5f0a7d46.css?body=1" for ::1 at 2015-01-31 15:23:50 -0500


Started GET "/assets/application-89f80ee25ec9aec584a9f5c30a9a33c4.css?body=1" for ::1 at 2015-01-31 15:23:50 -0500


Started GET "/assets/gmap-64e62ddc273c2f5847f30d698ca14b67.js?body=1" for ::1 at 2015-01-31 15:23:50 -0500


Started GET "/assets/application-44d7f36d855a420f91548b30e5630ee7.js?body=1" for ::1 at 2015-01-31 15:23:50 -0500


Started GET "/assets/turbolinks-da8ddad9c2c5483d4c5c30c1ce325253.js?body=1" for ::1 at 2015-01-31 15:23:50 -0500


Started GET "/" for ::1 at 2015-01-31 15:24:03 -0500
Processing by MapController#index as HTML
  Rendered map/index.html.erb within layouts/application (0.1ms)
Completed 200 OK in 85ms (Views: 84.4ms | ActiveRecord: 0.0ms)


Started GET "/assets/map-e6cde3bb5cc499a50cb1873f5f0a7d46.css?body=1" for ::1 at 2015-01-31 15:24:03 -0500


Started GET "/assets/jquery-87424c3c19e96d4fb033c10ebe21ec40.js?body=1" for ::1 at 2015-01-31 15:24:03 -0500


Started GET "/assets/turbolinks-da8ddad9c2c5483d4c5c30c1ce325253.js?body=1" for ::1 at 2015-01-31 15:24:03 -0500


Started GET "/assets/application-89f80ee25ec9aec584a9f5c30a9a33c4.css?body=1" for ::1 at 2015-01-31 15:24:03 -0500


Started GET "/assets/gmap-64e62ddc273c2f5847f30d698ca14b67.js?body=1" for ::1 at 2015-01-31 15:24:03 -0500


Started GET "/assets/jquery_ujs-e27bd20a10d28155845a22d71ef94f2f.js?body=1" for ::1 at 2015-01-31 15:24:03 -0500


Started GET "/assets/application-b23aa66bad61133d08204b3b91293e5e.js?body=1" for ::1 at 2015-01-31 15:24:03 -0500


Started GET "/" for ::1 at 2015-01-31 15:24:56 -0500
Processing by MapController#index as HTML
  Rendered map/index.html.erb within layouts/application (0.1ms)
Completed 200 OK in 78ms (Views: 77.5ms | ActiveRecord: 0.0ms)


Started GET "/assets/map-e6cde3bb5cc499a50cb1873f5f0a7d46.css?body=1" for ::1 at 2015-01-31 15:24:56 -0500


Started GET "/assets/turbolinks-da8ddad9c2c5483d4c5c30c1ce325253.js?body=1" for ::1 at 2015-01-31 15:24:56 -0500


Started GET "/assets/application-b340c08045d37b75499c9f410716e197.js?body=1" for ::1 at 2015-01-31 15:24:56 -0500


Started GET "/assets/jquery-87424c3c19e96d4fb033c10ebe21ec40.js?body=1" for ::1 at 2015-01-31 15:24:56 -0500


Started GET "/assets/application-89f80ee25ec9aec584a9f5c30a9a33c4.css?body=1" for ::1 at 2015-01-31 15:24:56 -0500


Started GET "/assets/jquery_ujs-e27bd20a10d28155845a22d71ef94f2f.js?body=1" for ::1 at 2015-01-31 15:24:56 -0500


Started GET "/assets/gmap-64e62ddc273c2f5847f30d698ca14b67.js?body=1" for ::1 at 2015-01-31 15:24:56 -0500


Started GET "/" for ::1 at 2015-01-31 15:25:04 -0500
Processing by MapController#index as HTML
  Rendered map/index.html.erb within layouts/application (0.0ms)
Completed 200 OK in 81ms (Views: 80.8ms | ActiveRecord: 0.0ms)


Started GET "/assets/map-e6cde3bb5cc499a50cb1873f5f0a7d46.css?body=1" for ::1 at 2015-01-31 15:25:04 -0500


Started GET "/assets/application-89f80ee25ec9aec584a9f5c30a9a33c4.css?body=1" for ::1 at 2015-01-31 15:25:04 -0500


Started GET "/assets/application-a8d08f3c5a40caf686e77899b72f11ea.js?body=1" for ::1 at 2015-01-31 15:25:04 -0500


Started GET "/assets/turbolinks-da8ddad9c2c5483d4c5c30c1ce325253.js?body=1" for ::1 at 2015-01-31 15:25:04 -0500


Started GET "/assets/jquery_ujs-e27bd20a10d28155845a22d71ef94f2f.js?body=1" for ::1 at 2015-01-31 15:25:04 -0500


Started GET "/assets/jquery-87424c3c19e96d4fb033c10ebe21ec40.js?body=1" for ::1 at 2015-01-31 15:25:04 -0500


Started GET "/assets/gmap-64e62ddc273c2f5847f30d698ca14b67.js?body=1" for ::1 at 2015-01-31 15:25:04 -0500


Started GET "/" for ::1 at 2015-01-31 15:40:24 -0500
Processing by MapController#index as HTML
  Rendered map/index.html.erb within layouts/application (0.0ms)
Completed 200 OK in 77ms (Views: 76.4ms | ActiveRecord: 0.0ms)


Started GET "/assets/map-e6cde3bb5cc499a50cb1873f5f0a7d46.css?body=1" for ::1 at 2015-01-31 15:40:24 -0500


Started GET "/assets/application-89f80ee25ec9aec584a9f5c30a9a33c4.css?body=1" for ::1 at 2015-01-31 15:40:24 -0500


Started GET "/assets/jquery-87424c3c19e96d4fb033c10ebe21ec40.js?body=1" for ::1 at 2015-01-31 15:40:24 -0500


Started GET "/assets/application-ce727b810d8853177934c47674e5d352.js?body=1" for ::1 at 2015-01-31 15:40:24 -0500


Started GET "/assets/jquery_ujs-e27bd20a10d28155845a22d71ef94f2f.js?body=1" for ::1 at 2015-01-31 15:40:24 -0500


Started GET "/assets/turbolinks-da8ddad9c2c5483d4c5c30c1ce325253.js?body=1" for ::1 at 2015-01-31 15:40:24 -0500


Started GET "/assets/gmap-64e62ddc273c2f5847f30d698ca14b67.js?body=1" for ::1 at 2015-01-31 15:40:24 -0500


Started GET "/" for ::1 at 2015-01-31 15:42:50 -0500
Processing by MapController#index as HTML
  Rendered map/index.html.erb within layouts/application (0.1ms)
Completed 200 OK in 102ms (Views: 101.7ms | ActiveRecord: 0.0ms)


Started GET "/assets/map-e6cde3bb5cc499a50cb1873f5f0a7d46.css?body=1" for ::1 at 2015-01-31 15:42:50 -0500


Started GET "/assets/application-89f80ee25ec9aec584a9f5c30a9a33c4.css?body=1" for ::1 at 2015-01-31 15:42:50 -0500


Started GET "/assets/jquery_ujs-e27bd20a10d28155845a22d71ef94f2f.js?body=1" for ::1 at 2015-01-31 15:42:50 -0500


Started GET "/assets/jquery-87424c3c19e96d4fb033c10ebe21ec40.js?body=1" for ::1 at 2015-01-31 15:42:50 -0500


Started GET "/assets/application-ee3554e17f2cebceef3da06f2d90f19d.js?body=1" for ::1 at 2015-01-31 15:42:50 -0500


Started GET "/assets/turbolinks-da8ddad9c2c5483d4c5c30c1ce325253.js?body=1" for ::1 at 2015-01-31 15:42:50 -0500


Started GET "/assets/gmap-64e62ddc273c2f5847f30d698ca14b67.js?body=1" for ::1 at 2015-01-31 15:42:50 -0500


Started GET "/" for ::1 at 2015-01-31 15:43:31 -0500
Processing by MapController#index as HTML
  Rendered map/index.html.erb within layouts/application (0.1ms)
Completed 200 OK in 82ms (Views: 81.6ms | ActiveRecord: 0.0ms)


Started GET "/assets/map-e6cde3bb5cc499a50cb1873f5f0a7d46.css?body=1" for ::1 at 2015-01-31 15:43:31 -0500


Started GET "/assets/jquery-87424c3c19e96d4fb033c10ebe21ec40.js?body=1" for ::1 at 2015-01-31 15:43:31 -0500


Started GET "/assets/application-89f80ee25ec9aec584a9f5c30a9a33c4.css?body=1" for ::1 at 2015-01-31 15:43:31 -0500


Started GET "/assets/jquery_ujs-e27bd20a10d28155845a22d71ef94f2f.js?body=1" for ::1 at 2015-01-31 15:43:31 -0500


Started GET "/assets/turbolinks-da8ddad9c2c5483d4c5c30c1ce325253.js?body=1" for ::1 at 2015-01-31 15:43:31 -0500


Started GET "/assets/application-78effa5c0b2fb39265e516608f7ad447.js?body=1" for ::1 at 2015-01-31 15:43:31 -0500


Started GET "/assets/gmap-64e62ddc273c2f5847f30d698ca14b67.js?body=1" for ::1 at 2015-01-31 15:43:31 -0500


Started GET "/assets/application-89f80ee25ec9aec584a9f5c30a9a33c4.css?body=1" for ::1 at 2015-01-31 15:43:33 -0500


Started GET "/assets/map-e6cde3bb5cc499a50cb1873f5f0a7d46.css?body=1" for ::1 at 2015-01-31 15:43:33 -0500
